<?xml version="1.0" encoding="UTF-8"?>
<!-- Generated by org.testng.reporters.JUnitReportReporter -->
<testsuite hostname="DESKTOP-7756EQR" failures="0" tests="1" name="Testcases.MyINFOTC_01" time="17.692" errors="0" timestamp="2023-11-24T15:23:51 IST" skipped="0">
  <testcase classname="Testcases.MyINFOTC_01" name="Testcase_01" time="17.692"/>
  <system-out/>
</testsuite> <!-- Testcases.MyINFOTC_01 -->
