<?xml version="1.0" encoding="UTF-8"?>
<!-- Generated by org.testng.reporters.JUnitReportReporter -->
<testsuite hostname="DESKTOP-7756EQR" failures="0" tests="2" name="pimTestcse.Testcasepim" time="160.590" errors="0" timestamp="2023-12-03T19:35:26 IST" skipped="0">
  <testcase classname="pimTestcse.Testcasepim" name="Testcase" time="80.445"/>
  <system-out/>
  <testcase classname="pimTestcse.Testcasepim" name="Testcase" time="80.145"/>
  <system-out/>
</testsuite> <!-- pimTestcse.Testcasepim -->
