<?xml version="1.0" encoding="UTF-8"?>
<!-- Generated by org.testng.reporters.JUnitReportReporter -->
<testsuite hostname="DESKTOP-7756EQR" failures="0" tests="1" name="NaukariTestcase.LoginTc_01" time="33.077" errors="0" timestamp="2023-12-01T08:15:20 IST" skipped="0">
  <testcase classname="NaukariTestcase.LoginTc_01" name="Test" time="33.077"/>
  <system-out/>
</testsuite> <!-- NaukariTestcase.LoginTc_01 -->
