<?xml version="1.0" encoding="UTF-8"?>
<!-- Generated by org.testng.reporters.JUnitReportReporter -->
<testsuite hostname="DESKTOP-7756EQR" failures="0" tests="1" name="OpenMrsTestcases.CreateAppointmentTestcase_02" time="35.649" errors="0" timestamp="2023-11-28T21:14:34 IST" skipped="0">
  <testcase classname="OpenMrsTestcases.CreateAppointmentTestcase_02" name="CreateAppointmentTestcase" time="35.649"/>
  <system-out/>
</testsuite> <!-- OpenMrsTestcases.CreateAppointmentTestcase_02 -->
