<?xml version="1.0" encoding="UTF-8"?>
<!-- Generated by org.testng.reporters.JUnitReportReporter -->
<testsuite hostname="DESKTOP-7756EQR" failures="0" tests="1" name="NaukariTestcase.LoginTc_01" time="31.504" errors="0" timestamp="2024-06-22T16:18:17 IST" skipped="0">
  <testcase classname="NaukariTestcase.LoginTc_01" name="Test" time="31.504"/>
  <system-out/>
</testsuite> <!-- NaukariTestcase.LoginTc_01 -->
